{"C:\\Users\\User\\Desktop\\HRnet\\src\\App.jsx": {"path":"C:\\Users\\User\\Desktop\\HRnet\\src\\App.jsx","statementMap":{"0":{"start":{"line":9,"column":2},"end":{"line":16,"column":4}}},"fnMap":{"0":{"name":"App","decl":{"start":{"line":8,"column":9},"end":{"line":8,"column":12}},"loc":{"start":{"line":8,"column":15},"end":{"line":17,"column":1}},"line":8}},"branchMap":{},"s":{"0":2},"f":{"0":2},"b":{},"_coverageSchema":"1a1c01bbd47fc00a2c39e90264f33305004495a9","hash":"274e4f87a400ff92a278f93464f6d39c826436ed"}
,"C:\\Users\\User\\Desktop\\HRnet\\src\\main.jsx": {"path":"C:\\Users\\User\\Desktop\\HRnet\\src\\main.jsx","statementMap":{"0":{"start":{"line":7,"column":0},"end":{"line":11,"column":1}}},"fnMap":{},"branchMap":{},"s":{"0":1},"f":{},"b":{},"_coverageSchema":"1a1c01bbd47fc00a2c39e90264f33305004495a9","hash":"37859c0912bff8b95e29bd1ec548d8b061f1649d"}
,"C:\\Users\\User\\Desktop\\HRnet\\src\\components\\DateOfBirthPicker.jsx": {"path":"C:\\Users\\User\\Desktop\\HRnet\\src\\components\\DateOfBirthPicker.jsx","statementMap":{"0":{"start":{"line":5,"column":20},"end":{"line":5,"column":62}},"1":{"start":{"line":7,"column":2},"end":{"line":27,"column":4}},"2":{"start":{"line":12,"column":28},"end":{"line":12,"column":48}}},"fnMap":{"0":{"name":"DateOfBirthPicker","decl":{"start":{"line":4,"column":9},"end":{"line":4,"column":26}},"loc":{"start":{"line":4,"column":80},"end":{"line":28,"column":1}},"line":4},"1":{"name":"(anonymous_1)","decl":{"start":{"line":12,"column":18},"end":{"line":12,"column":19}},"loc":{"start":{"line":12,"column":28},"end":{"line":12,"column":48}},"line":12}},"branchMap":{"0":{"loc":{"start":{"line":5,"column":20},"end":{"line":5,"column":62}},"type":"binary-expr","locations":[{"start":{"line":5,"column":20},"end":{"line":5,"column":38}},{"start":{"line":5,"column":42},"end":{"line":5,"column":62}}],"line":5},"1":{"loc":{"start":{"line":20,"column":7},"end":{"line":22,"column":7}},"type":"binary-expr","locations":[{"start":{"line":20,"column":7},"end":{"line":20,"column":18}},{"start":{"line":21,"column":8},"end":{"line":21,"column":76}}],"line":20},"2":{"loc":{"start":{"line":23,"column":7},"end":{"line":25,"column":7}},"type":"binary-expr","locations":[{"start":{"line":23,"column":7},"end":{"line":23,"column":16}},{"start":{"line":24,"column":8},"end":{"line":24,"column":73}}],"line":23}},"s":{"0":25,"1":25,"2":2},"f":{"0":25,"1":2},"b":{"0":[25,8],"1":[25,11],"2":[25,1]},"_coverageSchema":"1a1c01bbd47fc00a2c39e90264f33305004495a9","hash":"fe457ced937dce4ec8dac89291724bbfbd45d594"}
,"C:\\Users\\User\\Desktop\\HRnet\\src\\components\\DepartmentSelector.jsx": {"path":"C:\\Users\\User\\Desktop\\HRnet\\src\\components\\DepartmentSelector.jsx","statementMap":{"0":{"start":{"line":5,"column":20},"end":{"line":5,"column":59}},"1":{"start":{"line":7,"column":2},"end":{"line":22,"column":4}},"2":{"start":{"line":13,"column":50},"end":{"line":13,"column":77}},"3":{"start":{"line":14,"column":38},"end":{"line":14,"column":73}}},"fnMap":{"0":{"name":"DepartmentSelector","decl":{"start":{"line":4,"column":9},"end":{"line":4,"column":27}},"loc":{"start":{"line":4,"column":98},"end":{"line":23,"column":1}},"line":4},"1":{"name":"(anonymous_1)","decl":{"start":{"line":13,"column":38},"end":{"line":13,"column":39}},"loc":{"start":{"line":13,"column":50},"end":{"line":13,"column":77}},"line":13},"2":{"name":"(anonymous_2)","decl":{"start":{"line":14,"column":18},"end":{"line":14,"column":19}},"loc":{"start":{"line":14,"column":38},"end":{"line":14,"column":73}},"line":14}},"branchMap":{"0":{"loc":{"start":{"line":5,"column":20},"end":{"line":5,"column":59}},"type":"binary-expr","locations":[{"start":{"line":5,"column":20},"end":{"line":5,"column":38}},{"start":{"line":5,"column":42},"end":{"line":5,"column":59}}],"line":5},"1":{"loc":{"start":{"line":18,"column":7},"end":{"line":20,"column":7}},"type":"binary-expr","locations":[{"start":{"line":18,"column":7},"end":{"line":18,"column":16}},{"start":{"line":19,"column":8},"end":{"line":19,"column":66}}],"line":18}},"s":{"0":22,"1":22,"2":78,"3":1},"f":{"0":22,"1":78,"2":1},"b":{"0":[22,7],"1":[22,1]},"_coverageSchema":"1a1c01bbd47fc00a2c39e90264f33305004495a9","hash":"27300509b29c77ff7bcd5e3f90280cebbc31db61"}
,"C:\\Users\\User\\Desktop\\HRnet\\src\\components\\EmployeeForm.jsx": {"path":"C:\\Users\\User\\Desktop\\HRnet\\src\\components\\EmployeeForm.jsx","statementMap":{"0":{"start":{"line":30,"column":23},"end":{"line":30,"column":66}},"1":{"start":{"line":30,"column":42},"end":{"line":30,"column":64}},"2":{"start":{"line":31,"column":28},"end":{"line":31,"column":76}},"3":{"start":{"line":31,"column":52},"end":{"line":31,"column":74}},"4":{"start":{"line":32,"column":24},"end":{"line":32,"column":42}},"5":{"start":{"line":34,"column":2},"end":{"line":124,"column":4}},"6":{"start":{"line":41,"column":25},"end":{"line":41,"column":53}},"7":{"start":{"line":57,"column":25},"end":{"line":57,"column":52}},"8":{"start":{"line":87,"column":27},"end":{"line":87,"column":52}},"9":{"start":{"line":96,"column":27},"end":{"line":96,"column":50}},"10":{"start":{"line":112,"column":27},"end":{"line":112,"column":53}}},"fnMap":{"0":{"name":"EmployeeForm","decl":{"start":{"line":7,"column":9},"end":{"line":7,"column":21}},"loc":{"start":{"line":29,"column":3},"end":{"line":125,"column":1}},"line":29},"1":{"name":"(anonymous_1)","decl":{"start":{"line":30,"column":34},"end":{"line":30,"column":35}},"loc":{"start":{"line":30,"column":42},"end":{"line":30,"column":64}},"line":30},"2":{"name":"(anonymous_2)","decl":{"start":{"line":31,"column":44},"end":{"line":31,"column":45}},"loc":{"start":{"line":31,"column":52},"end":{"line":31,"column":74}},"line":31},"3":{"name":"(anonymous_3)","decl":{"start":{"line":41,"column":18},"end":{"line":41,"column":19}},"loc":{"start":{"line":41,"column":25},"end":{"line":41,"column":53}},"line":41},"4":{"name":"(anonymous_4)","decl":{"start":{"line":57,"column":18},"end":{"line":57,"column":19}},"loc":{"start":{"line":57,"column":25},"end":{"line":57,"column":52}},"line":57},"5":{"name":"(anonymous_5)","decl":{"start":{"line":87,"column":20},"end":{"line":87,"column":21}},"loc":{"start":{"line":87,"column":27},"end":{"line":87,"column":52}},"line":87},"6":{"name":"(anonymous_6)","decl":{"start":{"line":96,"column":20},"end":{"line":96,"column":21}},"loc":{"start":{"line":96,"column":27},"end":{"line":96,"column":50}},"line":96},"7":{"name":"(anonymous_7)","decl":{"start":{"line":112,"column":20},"end":{"line":112,"column":21}},"loc":{"start":{"line":112,"column":27},"end":{"line":112,"column":53}},"line":112}},"branchMap":{"0":{"loc":{"start":{"line":45,"column":7},"end":{"line":47,"column":7}},"type":"binary-expr","locations":[{"start":{"line":45,"column":7},"end":{"line":45,"column":25}},{"start":{"line":45,"column":30},"end":{"line":45,"column":40}},{"start":{"line":45,"column":44},"end":{"line":45,"column":67}},{"start":{"line":46,"column":8},"end":{"line":46,"column":61}}],"line":45},"1":{"loc":{"start":{"line":48,"column":7},"end":{"line":50,"column":7}},"type":"binary-expr","locations":[{"start":{"line":48,"column":7},"end":{"line":48,"column":25}},{"start":{"line":48,"column":29},"end":{"line":48,"column":38}},{"start":{"line":48,"column":42},"end":{"line":48,"column":72}},{"start":{"line":49,"column":8},"end":{"line":49,"column":83}}],"line":48},"2":{"loc":{"start":{"line":61,"column":7},"end":{"line":63,"column":7}},"type":"binary-expr","locations":[{"start":{"line":61,"column":7},"end":{"line":61,"column":25}},{"start":{"line":61,"column":30},"end":{"line":61,"column":39}},{"start":{"line":61,"column":43},"end":{"line":61,"column":65}},{"start":{"line":62,"column":8},"end":{"line":62,"column":58}}],"line":61},"3":{"loc":{"start":{"line":64,"column":7},"end":{"line":66,"column":7}},"type":"binary-expr","locations":[{"start":{"line":64,"column":7},"end":{"line":64,"column":25}},{"start":{"line":64,"column":29},"end":{"line":64,"column":37}},{"start":{"line":64,"column":41},"end":{"line":64,"column":70}},{"start":{"line":65,"column":8},"end":{"line":65,"column":80}}],"line":64}},"s":{"0":21,"1":830,"2":21,"3":89,"4":21,"5":21,"6":1,"7":1,"8":1,"9":1,"10":1},"f":{"0":21,"1":830,"2":89,"3":1,"4":1,"5":1,"6":1,"7":1},"b":{"0":[21,6,5,1],"1":[21,6,5,1],"2":[21,6,5,1],"3":[21,6,5,1]},"_coverageSchema":"1a1c01bbd47fc00a2c39e90264f33305004495a9","hash":"3c34476089910e9fe4f28d002448c864087fb99c"}
,"C:\\Users\\User\\Desktop\\HRnet\\src\\components\\StartDatePicker.jsx": {"path":"C:\\Users\\User\\Desktop\\HRnet\\src\\components\\StartDatePicker.jsx","statementMap":{"0":{"start":{"line":5,"column":20},"end":{"line":5,"column":60}},"1":{"start":{"line":7,"column":2},"end":{"line":27,"column":4}},"2":{"start":{"line":12,"column":28},"end":{"line":12,"column":46}}},"fnMap":{"0":{"name":"StartDatePicker","decl":{"start":{"line":4,"column":9},"end":{"line":4,"column":24}},"loc":{"start":{"line":4,"column":74},"end":{"line":28,"column":1}},"line":4},"1":{"name":"(anonymous_1)","decl":{"start":{"line":12,"column":18},"end":{"line":12,"column":19}},"loc":{"start":{"line":12,"column":28},"end":{"line":12,"column":46}},"line":12}},"branchMap":{"0":{"loc":{"start":{"line":5,"column":20},"end":{"line":5,"column":60}},"type":"binary-expr","locations":[{"start":{"line":5,"column":20},"end":{"line":5,"column":38}},{"start":{"line":5,"column":42},"end":{"line":5,"column":60}}],"line":5},"1":{"loc":{"start":{"line":20,"column":7},"end":{"line":22,"column":7}},"type":"binary-expr","locations":[{"start":{"line":20,"column":7},"end":{"line":20,"column":16}},{"start":{"line":21,"column":8},"end":{"line":21,"column":72}}],"line":20},"2":{"loc":{"start":{"line":23,"column":7},"end":{"line":25,"column":7}},"type":"binary-expr","locations":[{"start":{"line":23,"column":7},"end":{"line":23,"column":16}},{"start":{"line":24,"column":8},"end":{"line":24,"column":71}}],"line":23}},"s":{"0":22,"1":22,"2":1},"f":{"0":22,"1":1},"b":{"0":[22,7],"1":[22,9],"2":[22,1]},"_coverageSchema":"1a1c01bbd47fc00a2c39e90264f33305004495a9","hash":"a6a5190f253703de0cc976097612b78f80470ee4"}
,"C:\\Users\\User\\Desktop\\HRnet\\src\\components\\StateSelector.jsx": {"path":"C:\\Users\\User\\Desktop\\HRnet\\src\\components\\StateSelector.jsx","statementMap":{"0":{"start":{"line":5,"column":20},"end":{"line":5,"column":54}},"1":{"start":{"line":7,"column":2},"end":{"line":22,"column":4}},"2":{"start":{"line":13,"column":45},"end":{"line":13,"column":67}},"3":{"start":{"line":14,"column":38},"end":{"line":14,"column":68}}},"fnMap":{"0":{"name":"StateSelector","decl":{"start":{"line":4,"column":9},"end":{"line":4,"column":22}},"loc":{"start":{"line":4,"column":78},"end":{"line":23,"column":1}},"line":4},"1":{"name":"(anonymous_1)","decl":{"start":{"line":13,"column":33},"end":{"line":13,"column":34}},"loc":{"start":{"line":13,"column":45},"end":{"line":13,"column":67}},"line":13},"2":{"name":"(anonymous_2)","decl":{"start":{"line":14,"column":18},"end":{"line":14,"column":19}},"loc":{"start":{"line":14,"column":38},"end":{"line":14,"column":68}},"line":14}},"branchMap":{"0":{"loc":{"start":{"line":5,"column":20},"end":{"line":5,"column":54}},"type":"binary-expr","locations":[{"start":{"line":5,"column":20},"end":{"line":5,"column":38}},{"start":{"line":5,"column":42},"end":{"line":5,"column":54}}],"line":5},"1":{"loc":{"start":{"line":18,"column":7},"end":{"line":20,"column":7}},"type":"binary-expr","locations":[{"start":{"line":18,"column":7},"end":{"line":18,"column":16}},{"start":{"line":19,"column":8},"end":{"line":19,"column":58}}],"line":18}},"s":{"0":22,"1":22,"2":620,"3":1},"f":{"0":22,"1":620,"2":1},"b":{"0":[22,7],"1":[22,1]},"_coverageSchema":"1a1c01bbd47fc00a2c39e90264f33305004495a9","hash":"5ecb1fcc79a4eb4f2fff092facbd9d1ca3b715f6"}
,"C:\\Users\\User\\Desktop\\HRnet\\src\\pages\\Employee.jsx": {"path":"C:\\Users\\User\\Desktop\\HRnet\\src\\pages\\Employee.jsx","statementMap":{"0":{"start":{"line":5,"column":36},"end":{"line":5,"column":48}},"1":{"start":{"line":7,"column":2},"end":{"line":10,"column":9}},"2":{"start":{"line":8,"column":28},"end":{"line":8,"column":79}},"3":{"start":{"line":9,"column":4},"end":{"line":9,"column":34}},"4":{"start":{"line":12,"column":21},"end":{"line":16,"column":3}},"5":{"start":{"line":13,"column":4},"end":{"line":13,"column":31}},"6":{"start":{"line":13,"column":21},"end":{"line":13,"column":31}},"7":{"start":{"line":14,"column":17},"end":{"line":14,"column":37}},"8":{"start":{"line":15,"column":4},"end":{"line":15,"column":44}},"9":{"start":{"line":18,"column":2},"end":{"line":61,"column":4}},"10":{"start":{"line":39,"column":14},"end":{"line":49,"column":19}}},"fnMap":{"0":{"name":"EmployeeList","decl":{"start":{"line":4,"column":9},"end":{"line":4,"column":21}},"loc":{"start":{"line":4,"column":24},"end":{"line":62,"column":1}},"line":4},"1":{"name":"(anonymous_1)","decl":{"start":{"line":7,"column":12},"end":{"line":7,"column":13}},"loc":{"start":{"line":7,"column":18},"end":{"line":10,"column":3}},"line":7},"2":{"name":"(anonymous_2)","decl":{"start":{"line":12,"column":21},"end":{"line":12,"column":22}},"loc":{"start":{"line":12,"column":37},"end":{"line":16,"column":3}},"line":12},"3":{"name":"(anonymous_3)","decl":{"start":{"line":38,"column":26},"end":{"line":38,"column":27}},"loc":{"start":{"line":39,"column":14},"end":{"line":49,"column":19}},"line":39}},"branchMap":{"0":{"loc":{"start":{"line":8,"column":28},"end":{"line":8,"column":79}},"type":"binary-expr","locations":[{"start":{"line":8,"column":28},"end":{"line":8,"column":73}},{"start":{"line":8,"column":77},"end":{"line":8,"column":79}}],"line":8},"1":{"loc":{"start":{"line":13,"column":4},"end":{"line":13,"column":31}},"type":"if","locations":[{"start":{"line":13,"column":4},"end":{"line":13,"column":31}},{"start":{},"end":{}}],"line":13},"2":{"loc":{"start":{"line":37,"column":11},"end":{"line":55,"column":11}},"type":"cond-expr","locations":[{"start":{"line":38,"column":12},"end":{"line":50,"column":14}},{"start":{"line":52,"column":12},"end":{"line":54,"column":17}}],"line":37}},"s":{"0":8,"1":8,"2":4,"3":4,"4":8,"5":2,"6":0,"7":2,"8":2,"9":8,"10":1},"f":{"0":8,"1":4,"2":2,"3":1},"b":{"0":[4,2],"1":[0,2],"2":[1,7]},"_coverageSchema":"1a1c01bbd47fc00a2c39e90264f33305004495a9","hash":"f6e8be860ff42d9707ac3980b4c5801e62255569"}
,"C:\\Users\\User\\Desktop\\HRnet\\src\\pages\\HomePage.jsx": {"path":"C:\\Users\\User\\Desktop\\HRnet\\src\\pages\\HomePage.jsx","statementMap":{"0":{"start":{"line":9,"column":36},"end":{"line":9,"column":48}},"1":{"start":{"line":10,"column":34},"end":{"line":10,"column":46}},"2":{"start":{"line":11,"column":40},"end":{"line":11,"column":54}},"3":{"start":{"line":12,"column":36},"end":{"line":12,"column":50}},"4":{"start":{"line":13,"column":30},"end":{"line":13,"column":42}},"5":{"start":{"line":14,"column":26},"end":{"line":14,"column":38}},"6":{"start":{"line":15,"column":28},"end":{"line":15,"column":40}},"7":{"start":{"line":16,"column":30},"end":{"line":16,"column":42}},"8":{"start":{"line":17,"column":32},"end":{"line":17,"column":44}},"9":{"start":{"line":18,"column":38},"end":{"line":18,"column":50}},"10":{"start":{"line":19,"column":24},"end":{"line":19,"column":49}},"11":{"start":{"line":20,"column":36},"end":{"line":20,"column":51}},"12":{"start":{"line":21,"column":54},"end":{"line":21,"column":69}},"13":{"start":{"line":23,"column":2},"end":{"line":26,"column":9}},"14":{"start":{"line":24,"column":26},"end":{"line":24,"column":55}},"15":{"start":{"line":24,"column":48},"end":{"line":24,"column":54}},"16":{"start":{"line":25,"column":4},"end":{"line":25,"column":29}},"17":{"start":{"line":28,"column":22},"end":{"line":37,"column":14}},"18":{"start":{"line":29,"column":4},"end":{"line":37,"column":14}},"19":{"start":{"line":39,"column":23},"end":{"line":62,"column":3}},"20":{"start":{"line":40,"column":4},"end":{"line":40,"column":32}},"21":{"start":{"line":42,"column":4},"end":{"line":42,"column":31}},"22":{"start":{"line":42,"column":24},"end":{"line":42,"column":31}},"23":{"start":{"line":44,"column":21},"end":{"line":54,"column":5}},"24":{"start":{"line":56,"column":22},"end":{"line":56,"column":73}},"25":{"start":{"line":57,"column":4},"end":{"line":57,"column":29}},"26":{"start":{"line":58,"column":4},"end":{"line":58,"column":65}},"27":{"start":{"line":60,"column":4},"end":{"line":60,"column":23}},"28":{"start":{"line":61,"column":4},"end":{"line":61,"column":48}},"29":{"start":{"line":61,"column":21},"end":{"line":61,"column":40}},"30":{"start":{"line":64,"column":2},"end":{"line":97,"column":4}}},"fnMap":{"0":{"name":"CreateEmployee","decl":{"start":{"line":8,"column":9},"end":{"line":8,"column":23}},"loc":{"start":{"line":8,"column":26},"end":{"line":98,"column":1}},"line":8},"1":{"name":"(anonymous_1)","decl":{"start":{"line":23,"column":12},"end":{"line":23,"column":13}},"loc":{"start":{"line":23,"column":18},"end":{"line":26,"column":3}},"line":23},"2":{"name":"(anonymous_2)","decl":{"start":{"line":24,"column":41},"end":{"line":24,"column":42}},"loc":{"start":{"line":24,"column":48},"end":{"line":24,"column":54}},"line":24},"3":{"name":"(anonymous_3)","decl":{"start":{"line":28,"column":22},"end":{"line":28,"column":23}},"loc":{"start":{"line":29,"column":4},"end":{"line":37,"column":14}},"line":29},"4":{"name":"(anonymous_4)","decl":{"start":{"line":39,"column":23},"end":{"line":39,"column":24}},"loc":{"start":{"line":39,"column":29},"end":{"line":62,"column":3}},"line":39},"5":{"name":"(anonymous_5)","decl":{"start":{"line":61,"column":15},"end":{"line":61,"column":16}},"loc":{"start":{"line":61,"column":21},"end":{"line":61,"column":40}},"line":61}},"branchMap":{"0":{"loc":{"start":{"line":29,"column":4},"end":{"line":37,"column":14}},"type":"binary-expr","locations":[{"start":{"line":29,"column":4},"end":{"line":29,"column":20}},{"start":{"line":30,"column":4},"end":{"line":30,"column":19}},{"start":{"line":31,"column":4},"end":{"line":31,"column":15}},{"start":{"line":32,"column":4},"end":{"line":32,"column":13}},{"start":{"line":33,"column":4},"end":{"line":33,"column":17}},{"start":{"line":34,"column":4},"end":{"line":34,"column":15}},{"start":{"line":35,"column":4},"end":{"line":35,"column":9}},{"start":{"line":36,"column":4},"end":{"line":36,"column":18}},{"start":{"line":37,"column":4},"end":{"line":37,"column":14}}],"line":29},"1":{"loc":{"start":{"line":42,"column":4},"end":{"line":42,"column":31}},"type":"if","locations":[{"start":{"line":42,"column":4},"end":{"line":42,"column":31}},{"start":{},"end":{}}],"line":42},"2":{"loc":{"start":{"line":56,"column":22},"end":{"line":56,"column":73}},"type":"binary-expr","locations":[{"start":{"line":56,"column":22},"end":{"line":56,"column":67}},{"start":{"line":56,"column":71},"end":{"line":56,"column":73}}],"line":56},"3":{"loc":{"start":{"line":95,"column":7},"end":{"line":95,"column":84}},"type":"binary-expr","locations":[{"start":{"line":95,"column":7},"end":{"line":95,"column":16}},{"start":{"line":95,"column":20},"end":{"line":95,"column":84}}],"line":95}},"s":{"0":17,"1":17,"2":17,"3":17,"4":17,"5":17,"6":17,"7":17,"8":17,"9":17,"10":17,"11":17,"12":17,"13":17,"14":3,"15":177,"16":3,"17":17,"18":1,"19":17,"20":1,"21":1,"22":0,"23":1,"24":1,"25":1,"26":1,"27":1,"28":1,"29":1,"30":17},"f":{"0":17,"1":3,"2":177,"3":1,"4":1,"5":1},"b":{"0":[1,1,1,1,1,1,1,1,1],"1":[0,1],"2":[1,1],"3":[17,1]},"_coverageSchema":"1a1c01bbd47fc00a2c39e90264f33305004495a9","hash":"6db0a7b850386f39c43d4e306c9bcd6eededfd49"}
}
