TN:
SF:src\App.jsx
FN:8,App
FNF:1
FNH:1
FNDA:2,App
DA:9,2
LF:1
LH:1
BRF:0
BRH:0
end_of_record
TN:
SF:src\main.jsx
FNF:0
FNH:0
DA:7,1
LF:1
LH:1
BRF:0
BRH:0
end_of_record
TN:
SF:src\components\DateOfBirthPicker.jsx
FN:4,DateOfBirthPicker
FN:12,(anonymous_1)
FNF:2
FNH:2
FNDA:25,DateOfBirthPicker
FNDA:2,(anonymous_1)
DA:5,25
DA:7,25
DA:12,2
LF:3
LH:3
BRDA:5,0,0,25
BRDA:5,0,1,8
BRDA:20,1,0,25
BRDA:20,1,1,11
BRDA:23,2,0,25
BRDA:23,2,1,1
BRF:6
BRH:6
end_of_record
TN:
SF:src\components\DepartmentSelector.jsx
FN:4,DepartmentSelector
FN:13,(anonymous_1)
FN:14,(anonymous_2)
FNF:3
FNH:3
FNDA:22,DepartmentSelector
FNDA:78,(anonymous_1)
FNDA:1,(anonymous_2)
DA:5,22
DA:7,22
DA:13,78
DA:14,1
LF:4
LH:4
BRDA:5,0,0,22
BRDA:5,0,1,7
BRDA:18,1,0,22
BRDA:18,1,1,1
BRF:4
BRH:4
end_of_record
TN:
SF:src\components\EmployeeForm.jsx
FN:7,EmployeeForm
FN:30,(anonymous_1)
FN:31,(anonymous_2)
FN:41,(anonymous_3)
FN:57,(anonymous_4)
FN:87,(anonymous_5)
FN:96,(anonymous_6)
FN:112,(anonymous_7)
FNF:8
FNH:8
FNDA:21,EmployeeForm
FNDA:830,(anonymous_1)
FNDA:89,(anonymous_2)
FNDA:1,(anonymous_3)
FNDA:1,(anonymous_4)
FNDA:1,(anonymous_5)
FNDA:1,(anonymous_6)
FNDA:1,(anonymous_7)
DA:30,830
DA:31,89
DA:32,21
DA:34,21
DA:41,1
DA:57,1
DA:87,1
DA:96,1
DA:112,1
LF:9
LH:9
BRDA:45,0,0,21
BRDA:45,0,1,6
BRDA:45,0,2,5
BRDA:45,0,3,1
BRDA:48,1,0,21
BRDA:48,1,1,6
BRDA:48,1,2,5
BRDA:48,1,3,1
BRDA:61,2,0,21
BRDA:61,2,1,6
BRDA:61,2,2,5
BRDA:61,2,3,1
BRDA:64,3,0,21
BRDA:64,3,1,6
BRDA:64,3,2,5
BRDA:64,3,3,1
BRF:16
BRH:16
end_of_record
TN:
SF:src\components\StartDatePicker.jsx
FN:4,StartDatePicker
FN:12,(anonymous_1)
FNF:2
FNH:2
FNDA:22,StartDatePicker
FNDA:1,(anonymous_1)
DA:5,22
DA:7,22
DA:12,1
LF:3
LH:3
BRDA:5,0,0,22
BRDA:5,0,1,7
BRDA:20,1,0,22
BRDA:20,1,1,9
BRDA:23,2,0,22
BRDA:23,2,1,1
BRF:6
BRH:6
end_of_record
TN:
SF:src\components\StateSelector.jsx
FN:4,StateSelector
FN:13,(anonymous_1)
FN:14,(anonymous_2)
FNF:3
FNH:3
FNDA:22,StateSelector
FNDA:620,(anonymous_1)
FNDA:1,(anonymous_2)
DA:5,22
DA:7,22
DA:13,620
DA:14,1
LF:4
LH:4
BRDA:5,0,0,22
BRDA:5,0,1,7
BRDA:18,1,0,22
BRDA:18,1,1,1
BRF:4
BRH:4
end_of_record
TN:
SF:src\pages\Employee.jsx
FN:4,EmployeeList
FN:7,(anonymous_1)
FN:12,(anonymous_2)
FN:38,(anonymous_3)
FNF:4
FNH:4
FNDA:8,EmployeeList
FNDA:4,(anonymous_1)
FNDA:2,(anonymous_2)
FNDA:1,(anonymous_3)
DA:5,8
DA:7,8
DA:8,4
DA:9,4
DA:12,8
DA:13,2
DA:14,2
DA:15,2
DA:18,8
DA:39,1
LF:10
LH:10
BRDA:8,0,0,4
BRDA:8,0,1,2
BRDA:13,1,0,0
BRDA:13,1,1,2
BRDA:37,2,0,1
BRDA:37,2,1,7
BRF:6
BRH:5
end_of_record
TN:
SF:src\pages\HomePage.jsx
FN:8,CreateEmployee
FN:23,(anonymous_1)
FN:24,(anonymous_2)
FN:28,(anonymous_3)
FN:39,(anonymous_4)
FN:61,(anonymous_5)
FNF:6
FNH:6
FNDA:17,CreateEmployee
FNDA:3,(anonymous_1)
FNDA:177,(anonymous_2)
FNDA:1,(anonymous_3)
FNDA:1,(anonymous_4)
FNDA:1,(anonymous_5)
DA:9,17
DA:10,17
DA:11,17
DA:12,17
DA:13,17
DA:14,17
DA:15,17
DA:16,17
DA:17,17
DA:18,17
DA:19,17
DA:20,17
DA:21,17
DA:23,17
DA:24,177
DA:25,3
DA:28,17
DA:29,1
DA:39,17
DA:40,1
DA:42,1
DA:44,1
DA:56,1
DA:57,1
DA:58,1
DA:60,1
DA:61,1
DA:64,17
LF:28
LH:28
BRDA:29,0,0,1
BRDA:29,0,1,1
BRDA:29,0,2,1
BRDA:29,0,3,1
BRDA:29,0,4,1
BRDA:29,0,5,1
BRDA:29,0,6,1
BRDA:29,0,7,1
BRDA:29,0,8,1
BRDA:42,1,0,0
BRDA:42,1,1,1
BRDA:56,2,0,1
BRDA:56,2,1,1
BRDA:95,3,0,17
BRDA:95,3,1,1
BRF:15
BRH:14
end_of_record
